<?xml version="1.0" encoding="UTF-8"?>
<testsuite xmlns:xsi="http://www.w3.org/2001/XMLSchema-instance" xsi:noNamespaceSchemaLocation="https://maven.apache.org/surefire/maven-surefire-plugin/xsd/surefire-test-report.xsd" name="com.bank.acalc.service.LoanCalculatorServiceImplTest" time="0.08" tests="1" errors="0" skipped="0" failures="1">
  <properties>
[...]
</properties>
  <testcase name="calculateLoan_withZeroInterest_shouldReturnCorrectValues" classname="com.bank.acalc.service.LoanCalculatorServiceImplTest" time="0.063">
    <failure message="expected: &lt;333.5&gt; but was: &lt;333.42&gt;" type="org.opentest4j.AssertionFailedError"><![CDATA[org.opentest4j.AssertionFailedError: expected: <333.5> but was: <333.42>
	at com.bank.acalc.service.LoanCalculatorServiceImplTest.calculateLoan_withZeroInterest_shouldReturnCorrectValues(LoanCalculatorServiceImplTest.java:43)
]]></failure>
  </testcase>
</testsuite>